[15/12/2018 01:42:21] AdmCmd: Admin Admin_Softy teleportowa³ siê do LS.
[15/12/2018 12:35:17] AdmCmd: Admin Melvin_Frohike teleportowa³ do siebie Fox_Mulder.
[15/12/2018 22:49:43] AdmCmd: Admin Fox_Mulder teleportowa³ do siebie Zoe_Nae.
[15/12/2018 23:39:07] AdmCmd: Admin Melvin_Frohike teleportowa³ do siebie Zoe_Nae.
[15/12/2018 23:41:47] AdmCmd: Admin Fox_Mulder teleportowa³ do siebie Zoe_Nae.
[17/12/2018 17:17:38] AdmCmd: Admin Melvin_Frohike teleportowa³ siê do samochodu.
[17/12/2018 17:18:01] AdmCmd: Admin Melvin_Frohike teleportowa³ siê do samochodu.
[17/12/2018 17:18:09] AdmCmd: Admin Melvin_Frohike teleportowa³ siê do samochodu.
[17/12/2018 17:21:15] AdmCmd: Admin Melvin_Frohike teleportowa³ siê do samochodu.
[17/12/2018 17:24:43] AdmCmd: Admin Melvin_Frohike teleportowa³ siê do samochodu.
[17/12/2018 17:36:28] AdmCmd: Admin Melvin_Frohike teleportowa³ siê do samochodu.
[17/12/2018 17:36:56] AdmCmd: Admin Melvin_Frohike teleportowa³ siê do samochodu.
[17/12/2018 17:37:10] AdmCmd: Admin Melvin_Frohike teleportowa³ siê do samochodu.
[17/12/2018 17:37:14] AdmCmd: Admin Melvin_Frohike teleportowa³ siê do samochodu.
[17/12/2018 17:56:35] AdmCmd: Admin Melvin_Frohike teleportowa³ siê do samochodu.
[17/12/2018 18:32:52] AdmCmd: Admin Melvin_Frohike teleportowa³ siê do samochodu.
[17/12/2018 18:40:00] AdmCmd: Admin Melvin_Frohike teleportowa³ siê do samochodu.
[17/12/2018 18:40:06] AdmCmd: Admin Melvin_Frohike teleportowa³ siê do samochodu.
[17/12/2018 18:58:25] AdmCmd: Admin Melvin_Frohike teleportowa³ siê do samochodu.
[17/12/2018 19:04:47] AdmCmd: Admin Melvin_Frohike teleportowa³ siê do samochodu.
[21/12/2018 21:15:12] VehLog: Dylan_Rountree has spawned car model 429.
[21/12/2018 21:20:26] VehLog: Dylan_Rountree has spawned car model 429.
[21/12/2018 21:34:56] VehLog: Dylan_Rountree has spawned car model 429.
[21/12/2018 21:37:38] AdmCmd: Admin Melvin_Frohike teleportowa³ do siebie Dylan_Rountree.
[21/12/2018 21:40:11] VehLog: Dylan_Rountree has spawned car model 541.
[21/12/2018 21:41:29] AdmCmd: Admin Dylan_Rountree teleportowa³ siê do samochodu.
[21/12/2018 21:41:32] AdmCmd: Admin Dylan_Rountree teleportowa³ siê do samochodu.
[21/12/2018 21:46:08] VehLog: Dylan_Rountree has spawned car model 529.
[21/12/2018 21:47:14] AdmCmd: Admin Melvin_Frohike teleportowa³ do siebie Dylan_Rountree.
[21/12/2018 21:47:16] AdmCmd: Admin Melvin_Frohike teleportowa³ do siebie Dylan_Rountree.
[21/12/2018 21:58:18] AdmWarning: Admin Melvin_Frohike teleportowa³ siê do pozycji za
[21/12/2018 21:59:13] AdmWarning: Admin Melvin_Frohike teleportowa³ siê do pozycji za
[21/12/2018 22:18:05] AdmCmd: Admin Melvin_Frohike teleportowa³ siê do Salonu Aut.
[21/12/2018 22:23:29] AdmCmd: Admin Melvin_Frohike teleportowa³ siê do Salonu Aut.
[21/12/2018 22:35:17] AdmCmd: Admin Melvin_Frohike teleportowa³ do siebie Dylan_Rountree.
[21/12/2018 22:42:28] VehLog: Dylan_Rountree has spawned car model 429.
[21/12/2018 22:42:32] AdmCmd: Admin Melvin_Frohike teleportowa³ do siebie Dylan_Rountree.
[21/12/2018 22:44:15] AdmCmd: Admin Melvin_Frohike teleportowa³ siê do LS.
[21/12/2018 22:49:49] AdmWarning: Admin Melvin_Frohike teleportowa³ siê do pozycji za
[21/12/2018 22:50:01] AdmWarning: Admin Melvin_Frohike teleportowa³ siê do pozycji za
[21/12/2018 22:50:26] AdmWarning: Admin Melvin_Frohike teleportowa³ siê do pozycji za
[21/12/2018 22:50:35] AdmWarning: Admin Melvin_Frohike teleportowa³ siê do pozycji za
[22/12/2018 00:52:16] AdmWarning: Admin Melvin_Frohike teleportowa³ siê do pozycji za
[22/12/2018 00:53:03] AdmWarning: Admin Melvin_Frohike teleportowa³ siê do pozycji za
[22/12/2018 00:55:14] AdmWarning: Admin Melvin_Frohike teleportowa³ siê do pozycji za
[22/12/2018 10:38:59] VehLog: Melvin_Frohike has spawned car model 411.
[22/12/2018 10:39:53] AdmWarning: Admin Melvin_Frohike teleportowa³ siê do pozycji za
[22/12/2018 11:53:45] AdmCmd: Admin Melvin_Frohike teleportowa³ siê do samochodu.
[23/12/2018 10:00:42] VehLog: Dylan_Rountree has spawned car model 509.
[23/12/2018 12:38:53] VehLog: Dylan_Rountree has spawned car model 429.
[23/12/2018 12:45:11] VehLog: Dylan_Rountree has spawned car model 472.
[23/12/2018 13:03:49] VehLog: Dylan_Rountree has spawned car model 452.
[23/12/2018 17:10:59] VehLog: Dylan_Rountree has spawned car model 557.
[23/12/2018 17:20:35] AdmCmd: Admin Melvin_Frohike teleportowa³ siê do LS.
[23/12/2018 17:22:21] AdmCmd: Admin Melvin_Frohike teleportowa³ siê do Salonu Aut.
[23/12/2018 18:35:25] AdmCmd: Admin Melvin_Frohike teleportowa³ siê do Portu.
[23/12/2018 18:37:42] AdmCmd: Admin Melvin_Frohike teleportowa³ siê do Portu.
[23/12/2018 18:39:30] AdmCmd: Admin Melvin_Frohike teleportowa³ siê do Portu.
[23/12/2018 18:41:12] AdmCmd: Admin Melvin_Frohike teleportowa³ siê do Portu.
[23/12/2018 18:43:42] AdmCmd: Admin Melvin_Frohike teleportowa³ siê do Portu.
[23/12/2018 18:45:43] AdmCmd: Admin Melvin_Frohike teleportowa³ siê do Portu.
[23/12/2018 18:47:17] AdmCmd: Admin Melvin_Frohike teleportowa³ siê do Portu.
[23/12/2018 18:50:59] AdmCmd: Admin Melvin_Frohike teleportowa³ siê do Portu.
[23/12/2018 18:51:17] AdmCmd: Admin Melvin_Frohike teleportowa³ siê do Portu.
[23/12/2018 18:52:12] AdmCmd: Admin Melvin_Frohike teleportowa³ siê do Portu.
[23/12/2018 19:01:01] AdmCmd: Admin Melvin_Frohike teleportowa³ siê do Portu.
[23/12/2018 19:32:58] AdmCmd: Admin Melvin_Frohike teleportowa³ siê do Portu.
[23/12/2018 19:35:35] AdmCmd: Admin Melvin_Frohike teleportowa³ siê do Portu.
[23/12/2018 19:40:26] AdmCmd: Admin Melvin_Frohike teleportowa³ siê do Portu.
[23/12/2018 19:47:47] AdmCmd: Admin Melvin_Frohike teleportowa³ siê do Portu.
[23/12/2018 19:49:32] AdmCmd: Admin Melvin_Frohike teleportowa³ siê do Portu.
[23/12/2018 19:51:31] AdmCmd: Admin Melvin_Frohike teleportowa³ siê do Portu.
[23/12/2018 19:54:36] AdmCmd: Admin Melvin_Frohike teleportowa³ siê do Portu.
[23/12/2018 22:40:41] AdmCmd: Admin Melvin_Frohike teleportowal siê do LS.
[24/12/2018 01:22:11] AdmWarning: Admin Melvin_Frohike teleportowa³ siê do pozycji za
[24/12/2018 01:23:58] AdmWarning: Admin Melvin_Frohike teleportowa³ siê do pozycji za
[24/12/2018 01:25:16] AdmWarning: Admin Melvin_Frohike teleportowa³ siê do pozycji za
[24/12/2018 01:27:18] AdmWarning: Admin Melvin_Frohike teleportowa³ siê do pozycji za
[24/12/2018 01:28:59] AdmCmd: Admin Melvin_Frohike teleportowal siê do LS.
[24/12/2018 01:29:01] AdmWarning: Admin Melvin_Frohike teleportowa³ siê do pozycji za
[24/12/2018 01:32:20] AdmCmd: Admin Melvin_Frohike teleportowal siê do LS.
[24/12/2018 01:32:22] AdmWarning: Admin Melvin_Frohike teleportowa³ siê do pozycji za
[24/12/2018 01:32:48] AdmCmd: Admin Melvin_Frohike teleportowal siê do LS.
[24/12/2018 01:32:50] AdmWarning: Admin Melvin_Frohike teleportowa³ siê do pozycji za
[24/12/2018 01:51:38] AdmCmd: Admin Melvin_Frohike teleportowal siê do LS.
[24/12/2018 01:55:07] AdmCmd: Admin Melvin_Frohike teleportowal siê do LS.
[24/12/2018 13:46:56] AdmCmd: Admin Melvin_Frohike teleportowa³ siê do Portu.
[24/12/2018 13:49:40] AdmCmd: Admin Melvin_Frohike teleportowa³ siê do Portu.
[24/12/2018 13:53:58] AdmCmd: Admin Melvin_Frohike teleportowa³ siê do Portu.
[24/12/2018 13:56:29] AdmCmd: Admin Melvin_Frohike teleportowa³ siê do Portu.
[24/12/2018 13:57:52] AdmCmd: Admin Melvin_Frohike teleportowa³ siê do Portu.
[24/12/2018 14:04:37] AdmCmd: Admin Melvin_Frohike teleportowa³ siê do Portu.
[24/12/2018 14:07:11] AdmCmd: Admin Melvin_Frohike teleportowa³ siê do Portu.
[24/12/2018 14:12:49] AdmCmd: Admin Melvin_Frohike teleportowa³ siê do Portu.
[24/12/2018 14:57:11] AdmCmd: Admin Melvin_Frohike teleportowa³ siê do Portu.
[27/12/2018 17:55:44] AdmCmd: Admin Melvin_Frohike teleportowa³ siê do samochodu.
[27/12/2018 17:55:48] AdmCmd: Admin Melvin_Frohike teleportowa³ siê do samochodu.
[27/12/2018 17:55:49] AdmCmd: Admin Melvin_Frohike teleportowa³ siê do samochodu.
[27/12/2018 17:55:53] AdmCmd: Admin Melvin_Frohike teleportowa³ siê do samochodu.
[27/12/2018 17:55:54] AdmCmd: Admin Melvin_Frohike teleportowa³ siê do samochodu.
[27/12/2018 17:55:55] AdmCmd: Admin Melvin_Frohike teleportowa³ siê do samochodu.
[27/12/2018 17:55:56] AdmCmd: Admin Melvin_Frohike teleportowa³ siê do samochodu.
[27/12/2018 17:55:57] AdmCmd: Admin Melvin_Frohike teleportowa³ siê do samochodu.
[27/12/2018 17:56:00] AdmCmd: Admin Melvin_Frohike teleportowa³ siê do samochodu.
[27/12/2018 17:56:02] AdmCmd: Admin Melvin_Frohike teleportowa³ siê do samochodu.
[27/12/2018 17:56:07] AdmCmd: Admin Melvin_Frohike teleportowal siê do LS.
[27/12/2018 18:00:14] AdmCmd: Admin Melvin_Frohike teleportowa³ siê do samochodu.
[27/12/2018 18:16:40] AdmCmd: Admin Melvin_Frohike teleportowa³ siê do samochodu.
[27/12/2018 18:21:34] AdmCmd: Admin Melvin_Frohike teleportowa³ siê do samochodu.
[27/12/2018 18:23:58] AdmCmd: Admin Melvin_Frohike teleportowa³ siê do samochodu.
[27/12/2018 18:59:12] AdmCmd: Admin Melvin_Frohike teleportowa³ siê do samochodu.
[27/12/2018 19:00:19] AdmCmd: Admin Melvin_Frohike teleportowa³ do siebie Pociong.
[27/12/2018 19:00:20] AdmCmd: Admin Melvin_Frohike teleportowa³ do siebie Pociong.
[27/12/2018 19:00:22] AdmCmd: Admin Melvin_Frohike teleportowa³ do siebie Pociong.
[27/12/2018 19:00:24] AdmCmd: Admin Melvin_Frohike teleportowa³ do siebie Pociong.
[27/12/2018 19:00:25] AdmCmd: Admin Melvin_Frohike teleportowa³ siê do samochodu.
[27/12/2018 19:00:40] AdmCmd: Admin Melvin_Frohike teleportowa³ do siebie Pociong.
[27/12/2018 19:03:04] AdmCmd: Admin Melvin_Frohike teleportowa³ siê do samochodu.
[27/12/2018 19:05:02] AdmCmd: Admin Melvin_Frohike teleportowa³ siê do samochodu.
[27/12/2018 19:05:53] AdmCmd: Admin Melvin_Frohike teleportowa³ siê do samochodu.
[27/12/2018 19:05:56] AdmCmd: Admin Melvin_Frohike teleportowa³ siê do samochodu.
[27/12/2018 19:05:59] AdmCmd: Admin Melvin_Frohike teleportowa³ siê do samochodu.
[27/12/2018 19:08:46] AdmCmd: Admin Melvin_Frohike teleportowa³ siê do samochodu.
[27/12/2018 19:08:59] AdmCmd: Admin Melvin_Frohike teleportowa³ do siebie Melvin_Frohike.
[27/12/2018 19:09:00] AdmCmd: Admin Melvin_Frohike teleportowa³ do siebie Pociong.
[27/12/2018 19:18:48] AdmCmd: Admin Melvin_Frohike teleportowa³ siê do samochodu.
[27/12/2018 19:20:24] AdmCmd: Admin Melvin_Frohike teleportowa³ do siebie Pociong.
[27/12/2018 19:20:26] AdmCmd: Admin Melvin_Frohike teleportowa³ do siebie Pociong.
[27/12/2018 19:20:28] AdmCmd: Admin Melvin_Frohike teleportowa³ do siebie Pociong.
[27/12/2018 19:26:36] AdmCmd: Admin Melvin_Frohike teleportowa³ siê do samochodu.
[27/12/2018 19:26:58] AdmCmd: Admin Melvin_Frohike teleportowa³ siê do samochodu.
[27/12/2018 19:39:25] AdmCmd: Admin Melvin_Frohike teleportowa³ siê do samochodu.
[27/12/2018 19:40:34] AdmCmd: Admin Melvin_Frohike teleportowa³ siê do samochodu.
[27/12/2018 19:46:43] AdmCmd: Admin Melvin_Frohike teleportowa³ siê do samochodu.
[27/12/2018 19:50:04] AdmCmd: Admin Melvin_Frohike teleportowa³ siê do samochodu.
[28/12/2018 18:22:56] AdmCmd: Admin Melvin_Frohike teleportowal siê do LS.
[28/12/2018 18:23:26] AdmWarning: Admin Melvin_Frohike teleportowa³ siê do pozycji za
[28/12/2018 18:26:53] AdmCmd: Admin Melvin_Frohike teleportowal siê do LS.
[28/12/2018 18:28:50] AdmCmd: Admin Melvin_Frohike teleportowal siê do LS.
[28/12/2018 18:31:25] AdmCmd: Admin Melvin_Frohike teleportowal siê do LS.
[28/12/2018 18:32:11] AdmCmd: Melvin_Frohike uruchomi³ dostawê materia³ów!
[28/12/2018 18:33:33] AdmCmd: Melvin_Frohike uruchomi³ dostawê materia³ów!
[28/12/2018 18:33:46] AdmCmd: Admin Melvin_Frohike teleportowal siê do LS.
[28/12/2018 18:35:22] AdmCmd: Melvin_Frohike uruchomi³ dostawê materia³ów!
[28/12/2018 18:36:47] AdmCmd: Melvin_Frohike uruchomi³ dostawê materia³ów!
[28/12/2018 18:37:58] AdmCmd: Melvin_Frohike uruchomi³ dostawê materia³ów!
[28/12/2018 18:40:29] AdmCmd: Admin Melvin_Frohike teleportowal siê do LS.
[28/12/2018 18:40:32] AdmCmd: Admin Melvin_Frohike teleportowa³ siê LV.
[28/12/2018 18:40:34] AdmCmd: Admin Melvin_Frohike teleportowa³ do siebie Pociong.
[28/12/2018 18:40:36] AdmCmd: Admin Melvin_Frohike teleportowa³ do siebie Melvin_Frohike.
[28/12/2018 18:40:43] VehLog: Melvin_Frohike zespawnowal pojazd tymczasowy o modelu 400.
[28/12/2018 18:43:32] AdmCmd: Admin Melvin_Frohike teleportowal sie do LS.
[28/12/2018 18:45:16] AdmCmd: Admin Melvin_Frohike teleportowal siê LV.
[28/12/2018 18:45:19] AdmCmd: Melvin_Frohike uruchomil dostawe materialow!
[28/12/2018 18:45:21] AdmCmd: Melvin_Frohike usunal dostawe materialow (ID 146)!
[28/12/2018 18:48:20] AdmCmd: Melvin_Frohike zmienil graczowi Melvin_Frohike WL na 5
[28/12/2018 18:48:39] AdmCmd: Melvin_Frohike uruchomil dostawe materialow!
[28/12/2018 18:49:32] AdmCmd: Melvin_Frohike usunal dostawe materialow (ID 156)!
[28/12/2018 19:01:10] AdmCmd: Admin Melvin_Frohike teleportowal sie do LS.
[28/12/2018 19:01:14] AdmCmd: Admin Melvin_Frohike teleportowal sie LV.
[28/12/2018 19:01:16] AdmCmd: Admin Melvin_Frohike teleportowal sie do SF.
[28/12/2018 19:01:17] AdmWarning: Admin Melvin_Frohike teleportowal sie na Chilliad.
[29/12/2018 21:58:34] AdmCmd: Admin Melvin_Frohike teleportowal sie do Aresztu.
[29/12/2018 21:58:35] AdmCmd: Admin Melvin_Frohike teleportowal sie do Aresztu.
[29/12/2018 22:06:11] AdmCmd: Admin Melvin_Frohike teleportowal sie do Aresztu.
[29/12/2018 23:10:45] AdmCmd: Melvin_Frohike dodal brame (UUID: 1, ID: 3645). 
[29/12/2018 23:18:31] AdmCmd: Melvin_Frohike dodal brame (UUID: 2, ID: 3650). 
[29/12/2018 23:21:59] AdmCmd: Melvin_Frohike dodal brame (UUID: 3, ID: 3653). 
[30/12/2018 00:13:16] AdmCmd: Melvin_Frohike dodal brame (UUID: 4, ID: 3672) dla Frakcji 76
[30/12/2018 00:15:12] AdmCmd: Melvin_Frohike dodal brame (UUID: 4, ID: 3673) dla Frakcji 76
[30/12/2018 14:57:55] AdmCmd: Melvin_Frohike dodal wejscie (UUID: 1, Frakcja 76)
[30/12/2018 15:08:04] AdmCmd: Melvin_Frohike dodal wyjscie dla wejscia o UUID: 1
[30/12/2018 15:08:23] AdmCmd: Melvin_Frohike dodal wejscie (UUID: 2, Frakcja 67)
[30/12/2018 15:08:33] AdmCmd: Melvin_Frohike dodal wyjscie dla wejscia o UUID: 2
[30/12/2018 15:23:17] AdmCmd: Admin Melvin_Frohike teleportowal sie na Wyspe.
[30/12/2018 15:27:12] AdmCmd: Admin Melvin_Frohike teleportowal sie na Wyspe.
[30/12/2018 15:27:40] AdmCmd: Melvin_Frohike edytowal odleglosc otwierania sie bramy o UUID: 5
[30/12/2018 15:28:04] AdmCmd: Melvin_Frohike edytowal odleglosc otwierania sie bramy o UUID: 5
[30/12/2018 15:30:06] AdmCmd: Melvin_Frohike edytowal odleglosc otwierania sie bramy o UUID: 5 na 0.000000
[30/12/2018 15:30:08] AdmCmd: Melvin_Frohike edytowal odleglosc otwierania sie bramy o UUID: 5 na 0.000000
[30/12/2018 15:30:11] AdmCmd: Melvin_Frohike edytowal odleglosc otwierania sie bramy o UUID: 5 na 0.000000
[30/12/2018 15:30:13] AdmCmd: Melvin_Frohike edytowal odleglosc otwierania sie bramy o UUID: 5 na 0.000000
[30/12/2018 15:30:14] AdmCmd: Melvin_Frohike edytowal odleglosc otwierania sie bramy o UUID: 5 na 0.000000
[30/12/2018 15:30:15] AdmCmd: Melvin_Frohike edytowal odleglosc otwierania sie bramy o UUID: 5 na 0.000000
[30/12/2018 15:30:16] AdmCmd: Melvin_Frohike edytowal odleglosc otwierania sie bramy o UUID: 5 na 0.000000
[30/12/2018 15:33:29] AdmCmd: Melvin_Frohike edytowal odleglosc otwierania sie bramy o UUID: 5 na 0.000000
[30/12/2018 15:33:32] AdmCmd: Melvin_Frohike edytowal odleglosc otwierania sie bramy o UUID: 5 na 0.000000
[30/12/2018 15:34:35] AdmCmd: Melvin_Frohike edytowal odleglosc otwierania sie bramy o UUID: 5 na 0
[30/12/2018 15:35:20] AdmCmd: Melvin_Frohike edytowal odleglosc otwierania sie bramy o UUID: 5 na 10
[30/12/2018 15:35:22] AdmCmd: Admin Melvin_Frohike teleportowal sie na Wyspe.
[30/12/2018 15:35:27] AdmCmd: Melvin_Frohike edytowal odleglosc otwierania sie bramy o UUID: 5 na 15
[30/12/2018 15:36:16] AdmCmd: Melvin_Frohike edytowal odleglosc otwierania sie bramy o UUID: 6 na 15
[30/12/2018 15:50:54] AdmCmd: Melvin_Frohike dodal wejscie (UUID: 3, Frakcja: 67, Opis: Areszt)
[30/12/2018 15:51:01] AdmCmd: Melvin_Frohike dodal wyjscie dla wejscia o UUID: 3
[30/12/2018 15:53:00] AdmCmd: Melvin_Frohike dodal wejscie (UUID: 3, Frakcja: 67, Opis: Areszt LSPD)
[30/12/2018 15:53:04] AdmCmd: Melvin_Frohike dodal wyjscie dla wejscia o UUID: 3
[30/12/2018 17:06:40] AdmCmd: Admin Melvin_Frohike teleportowal sie do pozycji zapisa
[30/12/2018 17:07:03] AdmCmd: Melvin_Frohike dodal brame (UUID: 8, ID: 3710) dla Frakcji 76
[30/12/2018 17:08:51] AdmCmd: Melvin_Frohike edytowal odleglosc otwierania sie bramy o UUID: 8 na 5
[30/12/2018 17:11:22] AdmCmd: Melvin_Frohike dodal brame (UUID: 9, ID: 3710) dla Frakcji 76
[30/12/2018 17:12:33] AdmCmd: Melvin_Frohike dodal wejscie (UUID: 2, Frakcja: 76, Opis: Areszt (Cele))
[30/12/2018 17:12:37] AdmCmd: Admin Melvin_Frohike teleportowal sie do Aresztu.
[30/12/2018 17:12:41] AdmCmd: Admin Melvin_Frohike teleportowal sie do Aresztu.
[30/12/2018 17:12:45] AdmCmd: Admin Melvin_Frohike teleportowal sie do Aresztu.
[30/12/2018 17:12:46] AdmCmd: Admin Melvin_Frohike teleportowal sie do Aresztu.
[30/12/2018 17:12:47] AdmCmd: Admin Melvin_Frohike teleportowal sie do Aresztu.
[30/12/2018 17:12:48] AdmCmd: Admin Melvin_Frohike teleportowal sie do Aresztu.
[30/12/2018 17:12:53] AdmCmd: Admin Melvin_Frohike teleportowal sie do Aresztu.
[30/12/2018 17:12:54] AdmCmd: Admin Melvin_Frohike teleportowal sie do Aresztu.
[30/12/2018 17:12:56] AdmCmd: Admin Melvin_Frohike teleportowal sie do Aresztu.
[30/12/2018 17:12:57] AdmCmd: Admin Melvin_Frohike teleportowal sie do Aresztu.
[30/12/2018 17:12:57] AdmCmd: Admin Melvin_Frohike teleportowal sie do Aresztu.
[30/12/2018 17:12:58] AdmCmd: Admin Melvin_Frohike teleportowal sie do Aresztu.
[30/12/2018 17:13:02] AdmCmd: Admin Melvin_Frohike teleportowal sie do Aresztu.
[30/12/2018 17:13:04] AdmCmd: Admin Melvin_Frohike teleportowal sie do Aresztu.
[30/12/2018 17:13:07] AdmCmd: Admin Melvin_Frohike teleportowal sie do Aresztu.
[30/12/2018 17:15:46] AdmCmd: Melvin_Frohike dodal brame (UUID: 10, ID: 3711) dla Frakcji 76
[30/12/2018 17:18:04] AdmCmd: Admin Melvin_Frohike teleportowal sie do Aresztu.
[30/12/2018 17:18:10] AdmCmd: Admin Melvin_Frohike teleportowal sie do Aresztu.
[30/12/2018 17:18:11] AdmCmd: Admin Melvin_Frohike teleportowal sie do Aresztu.
[30/12/2018 17:18:14] AdmCmd: Admin Melvin_Frohike teleportowal sie do Aresztu.
[30/12/2018 17:18:16] AdmCmd: Admin Melvin_Frohike teleportowal sie do Aresztu.
[30/12/2018 17:19:42] AdmCmd: Melvin_Frohike dodal wyjscie dla wejscia o UUID: 2
[30/12/2018 17:35:32] AdmCmd: Admin Melvin_Frohike teleportowal sie do Aresztu.
[30/12/2018 20:52:42] AdmCmd: Melvin Frohike stworzyl pojazd Police Car (ID: 52, UUID: 4) FRAKCJA: 76 PRACA: 0!
[30/12/2018 20:58:56] AdmCmd: Admin Melvin_Frohike teleportowal sie do pozycji zapisa
[30/12/2018 20:58:59] AdmCmd: Admin Melvin_Frohike teleportowal sie do pozycji zapisa
[30/12/2018 20:59:03] AdmCmd: Admin Melvin_Frohike teleportowal sie do pozycji zapisa
[30/12/2018 20:59:08] AdmCmd: Admin Melvin_Frohike teleportowal sie do pozycji zapisa
[30/12/2018 21:02:28] AdmCmd: Admin Melvin_Frohike teleportowal sie do pozycji zapisa
[30/12/2018 21:22:47] AdmCmd: Admin Melvin_Frohike teleportowal sie do samochodu 63.
[30/12/2018 21:22:53] AdmCmd: Admin Melvin_Frohike teleportowal sie do samochodu 52.
[02/01/2019 21:23:33] AdmCmd: Melvin Frohike edytowal odleglosc otwierania sie bramy o UUID: 14 na 3
[02/01/2019 21:23:43] AdmCmd: Melvin Frohike edytowal odleglosc otwierania sie bramy o UUID: 14 na 2
[02/01/2019 21:23:50] AdmCmd: Melvin Frohike edytowal odleglosc otwierania sie bramy o UUID: 13 na 2
[02/01/2019 21:23:54] AdmCmd: Melvin Frohike edytowal odleglosc otwierania sie bramy o UUID: 15 na 2
[02/01/2019 21:23:57] AdmCmd: Melvin Frohike edytowal odleglosc otwierania sie bramy o UUID: 16 na 2
[02/01/2019 21:24:00] AdmCmd: Melvin Frohike edytowal odleglosc otwierania sie bramy o UUID: 17 na 2
[03/01/2019 18:12:57] AdmCmd: Admin Melvin_Frohike teleportowal sie do LS.
[03/01/2019 18:13:11] AdmCmd: Admin Melvin_Frohike teleportowal sie do LS.
[08/01/2019 21:47:01] AdmCmd: Admin Melvin_Frohike teleportowal sie do samochodu 45.
[08/01/2019 21:47:02] AdmCmd: Admin Melvin_Frohike teleportowal sie do samochodu 35.
[08/01/2019 21:47:49] AdmCmd: Admin Melvin_Frohike teleportowal sie do samochodu 35.
[08/01/2019 22:07:53] AdmCmd: Admin Melvin_Frohike teleportowal sie do Aresztu.
[08/01/2019 22:08:05] AdmCmd: Melvin Frohike dodal wyjscie dla wejscia o UUID: 2
[08/01/2019 22:15:27] AdmCmd: Melvin Frohike dodal wejscie (UUID: 5, Frakcja1: 1, Frakcja2: 1, Frakcja3: 1, Opis: Areszt (LSPD)[08/01/2019 22:15:32] AdmCmd: Admin Melvin_Frohike teleportowal sie do Aresztu.
[08/01/2019 22:15:43] AdmCmd: Melvin Frohike dodal wyjscie dla wejscia o UUID: 5
[08/01/2019 22:30:06] AdmCmd: Admin Melvin_Frohike teleportowal sie do samochodu 35.
[08/01/2019 22:34:57] AdmCmd: Admin Melvin_Frohike teleportowal sie do samochodu 35.
[08/01/2019 22:37:40] AdmCmd: Admin Melvin_Frohike teleportowal sie do samochodu 35.
[08/01/2019 22:40:34] AdmCmd: Admin Melvin_Frohike teleportowal sie do samochodu 35.
[08/01/2019 22:42:30] AdmCmd: Admin Melvin_Frohike teleportowal sie do samochodu 35.
[08/01/2019 23:01:22] AdmCmd: Admin Melvin_Frohike teleportowal sie do samochodu 35.
[09/01/2019 22:40:36] AdmCmd: Admin Melvin_Frohike teleportowal sie do samochodu 35.
[09/01/2019 22:41:50] AdmCmd: Admin Melvin_Frohike teleportowal sie do samochodu 35.
[09/01/2019 23:28:14] AdmCmd: Admin Melvin_Frohike teleportowal sie do samochodu 35.
[09/01/2019 23:39:06] AdmCmd: Admin Melvin_Frohike teleportowal sie do samochodu 35.
[09/01/2019 23:40:30] AdmCmd: Admin Melvin_Frohike teleportowal sie do samochodu 35.
[09/01/2019 23:42:56] AdmCmd: Admin Melvin_Frohike teleportowal sie do samochodu 35.
[09/01/2019 23:43:43] AdmCmd: Admin Melvin_Frohike teleportowal sie do samochodu 35.
[09/01/2019 23:48:35] AdmCmd: Admin Melvin_Frohike teleportowal sie do samochodu 35.
[09/01/2019 23:53:24] AdmCmd: Admin Melvin_Frohike teleportowal sie do samochodu 35.
[09/01/2019 23:55:41] AdmCmd: Admin Melvin_Frohike teleportowal sie do samochodu 2.
[09/01/2019 23:55:44] AdmCmd: Admin Melvin_Frohike teleportowal sie do samochodu 20.
[09/01/2019 23:55:46] AdmCmd: Admin Melvin_Frohike teleportowal sie do samochodu 35.
[10/01/2019 00:19:00] AdmCmd: Admin Melvin_Frohike teleportowal sie do samochodu 35.
[10/01/2019 20:04:31] AdmCmd: Admin Melvin_Frohike teleportowal sie do LS.
[10/01/2019 20:13:55] AdmCmd: Admin Melvin_Frohike teleportowal sie do LS.
[10/01/2019 20:15:22] AdmCmd: Admin Melvin_Frohike teleportowal sie do LS.
[10/01/2019 20:27:30] AdmCmd: Admin Melvin_Frohike teleportowal sie do LS.
[10/01/2019 20:33:29] AdmCmd: Admin Melvin_Frohike teleportowal sie na Wyspe.
[10/01/2019 21:37:59] AdmCmd: Admin Melvin_Frohike teleportowal sie do LS.
[10/01/2019 21:38:18] AdmCmd: Admin Melvin_Frohike teleportowal sie do LS.
[10/01/2019 21:39:47] AdmCmd: Admin Melvin_Frohike teleportowal sie do LS.
[10/01/2019 21:45:17] AdmCmd: Melvin Frohike dodal wyjscie dla wejscia o UUID: 4
[10/01/2019 21:45:42] AdmCmd: Admin Melvin_Frohike teleportowal sie do Aresztu.
[10/01/2019 21:45:45] AdmCmd: Admin Melvin_Frohike teleportowal sie do Aresztu.
[10/01/2019 21:45:46] AdmCmd: Admin Melvin_Frohike teleportowal sie do Aresztu.
[10/01/2019 21:45:47] AdmCmd: Admin Melvin_Frohike teleportowal sie do Aresztu.
[10/01/2019 21:51:21] AdmCmd: Melvin Frohike dodal brame (UUID: 18, ID: 4948 Frakcja1: 1 Frakcja2: 1 Frakcja3: 1)
[10/01/2019 21:55:54] AdmCmd: Melvin Frohike edytowal odleglosc otwierania sie bramy o UUID: 18 na 2
[10/01/2019 21:56:11] AdmCmd: Melvin Frohike dodal brame (UUID: 19, ID: 4949 Frakcja1: 1 Frakcja2: 1 Frakcja3: 1)
[10/01/2019 21:58:23] AdmCmd: Melvin Frohike dodal brame (UUID: 20, ID: 4950 Frakcja1: 1 Frakcja2: 1 Frakcja3: 1)
[10/01/2019 22:01:01] AdmCmd: Melvin Frohike edytowal odleglosc otwierania sie bramy o UUID: 19 na 2
[10/01/2019 22:01:02] AdmCmd: Melvin Frohike edytowal odleglosc otwierania sie bramy o UUID: 20 na 2
[10/01/2019 22:04:59] AdmCmd: Melvin Frohike dodal obiekt o (UUID: 869, ID: 4951). 
[10/01/2019 22:05:48] AdmCmd: Melvin Frohike dodal obiekt o (UUID: 870, ID: 4952). 
[10/01/2019 22:07:36] AdmCmd: Melvin Frohike dodal obiekt o (UUID: 871, ID: 4953). 
[10/01/2019 22:09:46] AdmCmd: Melvin Frohike dodal obiekt o (UUID: 872, ID: 4954). 
[10/01/2019 22:11:57] AdmCmd: Admin Melvin_Frohike teleportowal sie do Aresztu.
[10/01/2019 22:11:59] AdmCmd: Admin Melvin_Frohike teleportowal sie do Aresztu.
[10/01/2019 22:12:20] AdmCmd: Melvin Frohike dodal wyjscie dla wejscia o UUID: 4
[10/01/2019 22:13:22] AdmCmd: Melvin Frohike edytowal odleglosc otwierania sie bramy o UUID: 19 na 1
[10/01/2019 22:13:24] AdmCmd: Melvin Frohike edytowal odleglosc otwierania sie bramy o UUID: 20 na 1
[10/01/2019 22:13:34] AdmCmd: Melvin Frohike edytowal odleglosc otwierania sie bramy o UUID: 20 na 12
[10/01/2019 22:13:37] AdmCmd: Melvin Frohike edytowal odleglosc otwierania sie bramy o UUID: 20 na 2
[10/01/2019 22:13:41] AdmCmd: Melvin Frohike edytowal odleglosc otwierania sie bramy o UUID: 20 na 1
[10/01/2019 22:13:44] AdmCmd: Melvin Frohike edytowal odleglosc otwierania sie bramy o UUID: 20 na 2
[10/01/2019 22:13:46] AdmCmd: Melvin Frohike edytowal odleglosc otwierania sie bramy o UUID: 19 na 2
[10/01/2019 22:13:49] AdmCmd: Melvin Frohike edytowal odleglosc otwierania sie bramy o UUID: 20 na 1
[10/01/2019 22:13:56] AdmCmd: Melvin Frohike edytowal odleglosc otwierania sie bramy o UUID: 20 na 0
[10/01/2019 22:14:00] AdmCmd: Melvin Frohike edytowal odleglosc otwierania sie bramy o UUID: 20 na 2
[13/01/2019 18:24:39] AdmCmd: Admin Melvin teleportowal sie do pozycji zapisanych prz
[13/01/2019 19:05:39] AdmCmd: Melvin Frohike dodal brame (UUID: 21, ID: 4956 Frakcja1: 1 Frakcja2: 1 Frakcja3: 1)
[13/01/2019 19:06:23] AdmCmd: Melvin Frohike usunal brame (ID: 4956 UUID: 21).
[13/01/2019 19:06:51] AdmCmd: Melvin Frohike dodal brame (UUID: 21, ID: 4956 Frakcja1: 1 Frakcja2: 1 Frakcja3: 1)
[13/01/2019 19:06:59] AdmCmd: Melvin Frohike usunal brame (ID: 4956 UUID: 21).
[13/01/2019 19:07:12] AdmCmd: Melvin Frohike dodal brame (UUID: 21, ID: 4956 Frakcja1: 1 Frakcja2: 1 Frakcja3: 1)
[15/01/2019 17:57:24] AdmCmd: Melvin Frohike stworzyl pojazd Linerunner (ID: 36, UUID: 4) FRAKCJA: 67 PRACA: 1!
[15/01/2019 18:01:34] AdmCmd: Melvin Frohike stworzyl pojazd Linerunner (ID: 37, UUID: 5) FRAKCJA: 67 PRACA: 1!
[15/01/2019 22:31:13] VehLog: Melvin_Frohike zespawnowal pojazd tymczasowy o modelu 400.
[15/01/2019 22:33:45] AdmCmd: Admin Melvin_Frohike teleportowal sie do samochodu 38.
[15/01/2019 22:33:49] AdmCmd: Admin Melvin_Frohike teleportowal sie do samochodu 38.
[15/01/2019 22:33:51] AdmCmd: Admin Melvin_Frohike teleportowal sie do samochodu 38.
[15/01/2019 22:33:54] AdmCmd: Admin Melvin_Frohike teleportowal sie do samochodu 38.
[15/01/2019 22:34:03] AdmCmd: Admin Melvin_Frohike teleportowal sie do samochodu 38.
[15/01/2019 22:41:35] AdmCmd: Admin Melvin_Frohike teleportowal sie do samochodu 38.
[15/01/2019 22:53:48] AdmCmd: Admin Melvin_Frohike teleportowal sie do samochodu 38.
[15/01/2019 22:53:57] AdmCmd: Admin Melvin_Frohike teleportowal sie do samochodu 38.
[15/01/2019 22:53:59] AdmCmd: Admin Melvin_Frohike teleportowal sie do samochodu 38.
[15/01/2019 22:55:18] AdmCmd: Admin Melvin_Frohike teleportowal sie do samochodu 38.
[15/01/2019 22:55:20] AdmCmd: Admin Melvin_Frohike teleportowal sie do samochodu 38.
[15/01/2019 22:55:21] AdmCmd: Admin Melvin_Frohike teleportowal sie do samochodu 38.
[15/01/2019 22:55:23] AdmCmd: Admin Melvin_Frohike teleportowal sie do samochodu 38.
[15/01/2019 22:55:25] AdmCmd: Admin Melvin_Frohike teleportowal sie do samochodu 38.
[18/01/2019 00:06:43] AdmCmd: Admin Melvin_Frohike teleportowal sie do samochodu 1.
[18/01/2019 00:06:48] AdmCmd: Admin Melvin_Frohike teleportowal sie do samochodu 33.
[19/01/2019 01:46:36] AdmCmd: Admin AdminMelvin_Frohike teleportowal sie do pozycji z
[19/01/2019 01:46:37] AdmCmd: Admin AdminMelvin_Frohike teleportowal sie do pozycji z
[19/01/2019 01:46:38] AdmCmd: Admin AdminMelvin_Frohike teleportowal sie do pozycji z
[19/01/2019 01:55:01] AdmCmd: Admin AdminMelvin_Frohike teleportowal sie do pozycji z
[19/01/2019 21:25:05] AdmCmd: Melvin Frohike edytowal odleglosc otwierania sie bramy o UUID: 19 na 2
[19/01/2019 21:25:08] AdmCmd: Melvin Frohike edytowal odleglosc otwierania sie bramy o UUID: 20 na 2
[19/01/2019 21:34:11] AdmCmd: Admin Melvin_Frohike teleportowal sie do pozycji zapisa
[19/01/2019 21:36:45] AdmCmd: Admin Melvin_Frohike teleportowal sie do pozycji zapisa
[20/01/2019 21:24:07] AdmCmd: Admin Melvin_Frohike teleportowal sie do LS.
[21/01/2019 18:55:56] AdmCmd: Admin Melvin_Frohike teleportowal sie do samochodu 90.
[21/01/2019 19:13:48] AdmCmd: Admin Melvin_Frohike teleportowal sie do samochodu 90.
[21/01/2019 19:26:08] AdmCmd: Admin Melvin_Frohike teleportowal sie do LS.
[21/01/2019 19:38:12] AdmCmd: Admin Melvin_Frohike teleportowal sie do samochodu 90.
[21/01/2019 19:43:17] AdmCmd: Admin Melvin_Frohike teleportowal sie do samochodu 90.
[21/01/2019 19:43:21] AdmCmd: Admin Melvin_Frohike teleportowal sie do samochodu 5.
[21/01/2019 19:43:24] AdmCmd: Admin Melvin_Frohike teleportowal sie do samochodu 90.
[21/01/2019 20:02:41] AdmCmd: Admin Melvin_Frohike teleportowal sie do samochodu 90.
[21/01/2019 20:15:43] AdmCmd: Admin Melvin_Frohike teleportowal sie do samochodu 90.
[21/01/2019 20:27:19] Log: Melvin_Frohike wsadzil Melvin_Frohike do wiezienia federalnego na 10 minut, powod: DM
[21/01/2019 20:33:45] AdmCmd: Admin Melvin_Frohike teleportowal sie do LS.
[21/01/2019 20:33:47] AdmCmd: Admin Melvin_Frohike teleportowal sie do LS.
[21/01/2019 20:33:57] AdmCmd: Admin Melvin_Frohike teleportowal sie do LS.
[21/01/2019 20:38:28] AdmCmd: Melvin_Frohike edytowal odleglosc otwierania sie bramy o UUID: 21 na 15
[21/01/2019 20:46:38] Log: Melvin_Frohike wsadzil Melvin_Frohike do aresztu na 1 minut, powod: dm2
[21/01/2019 20:50:28] Log: Melvin_Frohike wsadzil Melvin_Frohike do aresztu na 1 minut, powod: CK2
[21/01/2019 20:50:31] Log: Melvin_Frohike wsadzil Melvin_Frohike do aresztu na 1 minut, powod: CK2
[21/01/2019 20:50:38] Log: Melvin_Frohike wsadzil Melvin_Frohike do aresztu na 1 minut, powod: CK2
[23/01/2019 22:06:26] AdmCmd: Admin Melvin_Frohike teleportowal sie do LS.
[23/01/2019 22:23:06] AdmCmd: Admin Melvin_Frohike teleportowal sie do LS.
[23/01/2019 22:37:33] AdmCmd: Admin Melvin_Frohike teleportowal sie do LS.
[26/01/2019 18:58:26] AdmCmd: Admin Melvin_Frohike teleportowal sie do Aresztu.
[26/01/2019 18:58:28] AdmCmd: Admin Melvin_Frohike teleportowal sie do Aresztu.
[26/01/2019 19:01:53] AdmCmd: Admin Melvin_Frohike teleportowal sie do Aresztu.
[27/01/2019 00:31:10] AdmCmd: Admin Melvin_Frohike teleportowal sie do samochodu 89.
[27/01/2019 01:14:05] AdmCmd: Admin Melvin_Frohike teleportowal sie do LS.
[27/01/2019 01:14:24] AdmCmd: Admin Melvin_Frohike teleportowal sie do pozycji zapisa
[27/01/2019 01:14:34] AdmCmd: Melvin_Frohike usunal wejscie/wyjscie (UUID: 6).
[27/01/2019 01:15:00] AdmCmd: Melvin_Frohike dodal wejscie (UUID: 29, Frakcja1: 0, Frakcja2: 0, Frakcja3: 0, Opis: Urzad Miasta[27/01/2019 01:15:06] AdmCmd: Admin Melvin_Frohike teleportowal sie do pozycji zapisa
[27/01/2019 01:15:13] AdmCmd: Melvin_Frohike dodal wyjscie dla wejscia o UUID: 29
[27/01/2019 01:32:47] AdmCmd: Admin Melvin_Frohike teleportowal sie do Salonu Aut.
[27/01/2019 01:40:37] AdmCmd: Admin Melvin_Frohike teleportowal sie do Salonu Aut.
[27/01/2019 13:40:42] AdmCmd: Admin Melvin_Frohike teleportowal sie do LS.
[27/01/2019 14:05:48] AdmCmd: Admin Melvin_Frohike teleportowal sie do LS.
[27/01/2019 14:06:29] AdmCmd: Melvin_Frohike usunal obiekt (ID: 9236 UUID: 871).
[27/01/2019 14:06:31] AdmCmd: Melvin_Frohike usunal obiekt (ID: 9235 UUID: 870).
[27/01/2019 14:06:36] AdmCmd: Melvin_Frohike usunal brame (ID: 9685 UUID: 20).
[27/01/2019 14:06:38] AdmCmd: Melvin_Frohike usunal brame (ID: 9684 UUID: 19).
[27/01/2019 14:06:46] AdmCmd: Melvin_Frohike usunal obiekt (ID: 9234 UUID: 869).
[27/01/2019 14:06:49] AdmCmd: Melvin_Frohike usunal brame (ID: 9683 UUID: 18).
[27/01/2019 14:42:13] AdmCmd: Admin Melvin_Frohike teleportowal sie do LS.
[27/01/2019 15:13:35] AdmCmd: Admin Melvin_Frohike teleportowal sie do LS.
[27/01/2019 16:46:23] AdmCmd: Admin Melvin_Frohike teleportowal sie do LS.
[01/02/2019 00:49:03] AdmCmd: Melvin_Frohike usuna³ dom (UUID: 10)
[01/02/2019 00:53:43] AdmCmd: Melvin_Frohike usuna³ dom (UUID: 4)
[01/02/2019 00:53:46] AdmCmd: Melvin_Frohike usuna³ dom (UUID: 6)
[01/02/2019 01:42:21] AdmCmd: Melvin_Frohike usuna³ dom (UUID: 9)
[01/02/2019 01:49:06] AdmCmd: Melvin_Frohike usuna³ dom (UUID: 5)
[01/02/2019 01:53:04] AdmCmd: Melvin_Frohike usuna³ dom (UUID: 11)
[03/02/2019 19:07:51] AdmCmd: Admin Melvin_Frohike teleportowal sie do LS.
[05/02/2019 21:15:15] AdmCmd: Admin Melvin_Frohike teleportowal sie do pozycji zapisa
[05/02/2019 22:08:04] AdmCmd: Admin Melvin_Frohike teleportowal sie do pozycji zapisa
[05/02/2019 22:10:14] AdmCmd: Admin Melvin_Frohike teleportowal sie do pozycji zapisa
[05/02/2019 22:10:34] AdmCmd: Admin Melvin_Frohike teleportowal sie do pozycji zapisa
[05/02/2019 23:00:49] AdmCmd: Admin Melvin_Frohike teleportowal sie do LS.
[05/02/2019 23:01:13] AdmCmd: Admin Melvin_Frohike teleportowal sie do pozycji zapisa
[05/02/2019 23:01:27] AdmCmd: Admin Melvin_Frohike teleportowal sie do LS.
[05/02/2019 23:05:32] AdmCmd: Admin Melvin_Frohike teleportowal sie do LS.
[06/02/2019 01:28:58] AdmCmd: Admin Melvin_Frohike teleportowal sie do LS.
[06/02/2019 02:19:52] AdmCmd: Admin Melvin_Frohike teleportowal sie do LS.
[06/02/2019 02:19:53] AdmCmd: Admin Melvin_Frohike teleportowal sie do LS.
[06/02/2019 02:25:45] AdmCmd: Admin Melvin_Frohike teleportowal sie do LS.
[06/02/2019 14:10:21] AdmCmd: Melvin_Frohike stworzyl pojazd News Van (ID: 47, UUID: 68) FRAKCJA: 83 PRACA: 0!
[06/02/2019 14:33:18] AdmCmd: Admin Melvin_Frohike teleportowal sie do samochodu 90.
[06/02/2019 21:41:09] AdmCmd: Admin Melvin_Frohike teleportowal sie do LS.
[06/02/2019 21:49:34] AdmCmd: Admin Melvin_Frohike teleportowal sie do LS.
[06/02/2019 23:26:16] AdmCmd: Admin Melvin_Frohike teleportowal sie do samochodu 116.
[07/02/2019 18:19:19] AdmCmd: Admin Melvin_Frohike teleportowal sie do pozycji zapisa
[07/02/2019 19:20:04] AdmCmd: Melvin_Frohike usunal brame (ID: 14004 UUID: 33).
[07/02/2019 19:20:16] AdmCmd: Melvin_Frohike dodal brame (UUID: 33, ID: 14004 Frakcja1: 1 Frakcja2: 2 Frakcja3: 3)
[07/02/2019 19:20:27] AdmCmd: Melvin_Frohike usunal brame (ID: 14004 UUID: 33).
[07/02/2019 19:22:36] AdmCmd: Melvin_Frohike dodal brame (UUID: 33, ID: 14004 Frakcja1: 1 Frakcja2: 2 Frakcja3: 3)
[07/02/2019 19:25:28] AdmCmd: Melvin_Frohike usunal brame (ID: 14004 UUID: 33).
[07/02/2019 19:25:56] AdmCmd: Melvin_Frohike dodal brame (UUID: 33, ID: 14004 Frakcja1: 1 Frakcja2: 2 Frakcja3: 3)
[07/02/2019 19:27:35] AdmCmd: Melvin_Frohike edytowal odleglosc otwierania sie bramy o UUID: 32 na 1
[07/02/2019 19:40:22] AdmCmd: Melvin_Frohike usunal brame (ID: 13978 UUID: 1).
[07/02/2019 19:40:27] AdmCmd: Admin Melvin_Frohike teleportowal sie na Wyspe.
[07/02/2019 19:40:39] AdmCmd: Melvin_Frohike dodal brame (UUID: 34, ID: 13978 Frakcja1: 1 Frakcja2: 2 Frakcja3: 3)
[07/02/2019 19:50:00] AdmCmd: Melvin_Frohike edytowal odleglosc otwierania sie bramy o UUID: 33 na 4
[07/02/2019 19:50:03] AdmCmd: Melvin_Frohike edytowal odleglosc otwierania sie bramy o UUID: 32 na 4
[07/02/2019 19:50:37] AdmCmd: Melvin_Frohike edytowal odleglosc otwierania sie bramy o UUID: 32 na 5
[07/02/2019 19:50:53] AdmCmd: Melvin_Frohike edytowal odleglosc otwierania sie bramy o UUID: 32 na 6
[07/02/2019 19:50:57] AdmCmd: Melvin_Frohike edytowal odleglosc otwierania sie bramy o UUID: 32 na 7
[07/02/2019 19:51:03] AdmCmd: Melvin_Frohike edytowal odleglosc otwierania sie bramy o UUID: 33 na 7
[07/02/2019 20:11:44] AdmCmd: Admin Melvin_Frohike teleportowal sie do samochodu 116.
[07/02/2019 20:44:35] AdmCmd: Admin Melvin_Frohike teleportowal sie do samochodu 116.
[07/02/2019 20:56:33] AdmCmd: Admin Melvin_Frohike teleportowal sie do pozycji zapisa
[07/02/2019 20:56:35] AdmCmd: Admin Melvin_Frohike teleportowal sie do pozycji zapisa
[07/02/2019 20:58:34] AdmCmd: Melvin_Frohike edytowal odleglosc otwierania sie bramy o UUID: 10 na 4
[07/02/2019 20:58:38] AdmCmd: Melvin_Frohike edytowal odleglosc otwierania sie bramy o UUID: 10 na 3
[07/02/2019 22:01:12] AdmCmd: Admin Melvin_Frohike teleportowal sie do LS.
[07/02/2019 22:11:24] AdmCmd: Admin Melvin_Frohike teleportowal sie do LS.
[07/02/2019 22:37:22] AdmCmd: Admin Melvin_Frohike teleportowal sie do LS.
[07/02/2019 22:37:53] AdmCmd: Admin Melvin_Frohike teleportowal sie do samochodu 116.
[07/02/2019 23:02:38] AdmCmd: Admin Melvin_Frohike teleportowal sie do LS.
[08/02/2019 23:34:49] Log: Melvin_Frohike wsadzil Melvin_Frohike do wiezienia federalnego na 1 minut, powod: 1
[08/02/2019 23:36:30] Log: Melvin_Frohike wsadzil Melvin_Frohike do wiezienia federalnego na 1 minut, powod: 1
[08/02/2019 23:37:41] Log: Melvin_Frohike wsadzil Melvin_Frohike do aresztu na 1 minut, powod: 1 
[08/02/2019 23:39:09] Log: Melvin_Frohike wsadzil Melvin_Frohike do wiezienia federalnego na 1 minut, powod: 1
[08/02/2019 23:39:19] Log: Melvin_Frohike wsadzil Melvin_Frohike do wiezienia federalnego na 1 minut, powod: 1
[08/02/2019 23:40:28] AdmCmd: Admin Melvin_Frohike teleportowal sie do samochodu 116.
[11/02/2019 08:03:34] AdmCmd: Admin Melvin_Frohike teleportowal sie do LS.
