[15/12/2018 01:40:31] Admin Admin_Softy mianowa³ liderem frakcji LSPD gracza Admin_Softy
[15/12/2018 01:42:09] Admin Admin_Softy da³ (/unfrakcja) dla gracza Admin_Softy
[15/12/2018 12:35:02] Admin Fox_Mulder da³ (/unfrakcja) dla gracza Fox_Mulder
[17/12/2018 20:40:44] Admin Melvin_Frohike mianowa³ liderem frakcji LSPD gracza Melvin_Frohike
[21/12/2018 21:32:13] Admin Dylan_Rountree mianowa³ liderem frakcji LSPD gracza Dylan_Rountree
[21/12/2018 21:59:09] Admin Melvin_Frohike da³ (/unfrakcja) dla gracza Melvin_Frohike
[21/12/2018 21:59:10] Admin Melvin_Frohike mianowa³ liderem frakcji Ballas gracza Melvin_Frohike
[21/12/2018 22:43:46] Admin Dylan_Rountree da³ (/unfrakcja) dla gracza Dylan_Rountree
[21/12/2018 22:49:35] Admin Melvin_Frohike da³ (/unfrakcja) dla gracza Melvin_Frohike
[21/12/2018 22:49:46] Admin Melvin_Frohike mianowa³ liderem frakcji LSPD gracza Melvin_Frohike
[21/12/2018 22:50:20] Admin Melvin_Frohike da³ (/unfrakcja) dla gracza Melvin_Frohike
[21/12/2018 22:50:23] Admin Melvin_Frohike mianowa³ liderem frakcji F.B.I gracza Melvin_Frohike
[21/12/2018 23:30:52] Admin Dylan_Rountree da³ (/unfrakcja) dla gracza Dylan_Rountree
[21/12/2018 23:31:10] Admin Dylan_Rountree mianowa³ liderem frakcji Hitman Agency gracza Dylan_Rountree
[21/12/2018 23:37:10] Admin Dylan_Rountree da³ (/unfrakcja) dla gracza Dylan_Rountree
[21/12/2018 23:37:38] Admin Dylan_Rountree mianowa³ liderem frakcji The Rifa gracza Dylan_Rountree
[21/12/2018 23:38:10] Admin Dylan_Rountree da³ (/unfrakcja) dla gracza Dylan_Rountree
[21/12/2018 23:38:15] Admin Dylan_Rountree mianowa³ liderem frakcji School Instructors gracza Dylan_Rountree
[21/12/2018 23:38:38] Admin Dylan_Rountree da³ (/unfrakcja) dla gracza Dylan_Rountree
[22/12/2018 00:52:30] Admin Melvin_Frohike da³ (/unfrakcja) dla gracza Melvin_Frohike
[22/12/2018 00:52:33] Admin Melvin_Frohike mianowa³ liderem frakcji LSPD gracza Melvin_Frohike
[22/12/2018 10:53:08] Admin Melvin_Frohike da³ (/unfrakcja) dla gracza Melvin_Frohike
[23/12/2018 18:45:37] Admin Melvin_Frohike mianowa³ liderem frakcji Hitman Agency gracza Melvin_Frohike
[24/12/2018 01:54:53] Admin Melvin_Frohike da³ (/unfrakcja) dla gracza Melvin_Frohike
[24/12/2018 01:54:56] Admin Melvin_Frohike mianowa³ liderem frakcji The Russian Mafia gracza Melvin_Frohike
[27/12/2018 23:58:38] Admin Melvin_Frohike da³ (/unfrakcja) dla gracza Pociong
[27/12/2018 23:58:40] Admin Melvin_Frohike da³ (/unfrakcja) dla gracza Melvin_Frohike
[27/12/2018 23:58:44] Admin Melvin_Frohike mianowa³ liderem frakcji LSPD gracza Melvin_Frohike
[29/12/2018 23:54:52] Admin Melvin_Frohike dal (/unfrakcja) dla gracza Melvin_Frohike
[30/12/2018 00:12:16] Admin Melvin_Frohike mianowal liderem frakcji LSPD gracza Pociong
[30/12/2018 00:12:21] Admin Melvin_Frohike dal (/unfrakcja) dla gracza Melvin_Frohike
[30/12/2018 00:12:22] Admin Melvin_Frohike dal (/unfrakcja) dla gracza Pociong
[30/12/2018 00:12:31] Admin Melvin_Frohike mianowal liderem frakcji LSPD gracza Melvin_Frohike
[30/12/2018 00:21:35] Admin Melvin_Frohike dal (/unfrakcja) dla gracza Melvin_Frohike
[30/12/2018 15:10:14] Admin Melvin_Frohike dal (/unfrakcja) dla gracza Melvin_Frohike
[30/12/2018 17:08:22] Admin Melvin_Frohike mianowal liderem frakcji LSPD gracza Melvin_Frohike
[30/12/2018 21:02:23] Admin Melvin_Frohike dal (/unfrakcja) dla gracza Pociong
[30/12/2018 21:02:24] Admin Melvin_Frohike dal (/unfrakcja) dla gracza Melvin_Frohike
[30/12/2018 21:04:51] Admin Melvin_Frohike mianowal liderem frakcji LSPD gracza Melvin_Frohike
[13/01/2019 18:24:37] Admin Melvin dal (/unfrakcja) dla gracza Melvin
[13/01/2019 18:50:17] Admin Melvin_Frohike mianowal liderem frakcji LSPD gracza Melvin_Frohike
[15/01/2019 17:50:56] Admin Melvin_Frohike dal (/unfrakcja) dla gracza Melvin_Frohike
[15/01/2019 17:51:21] Admin Melvin_Frohike mianowal liderem frakcji Hitman Agency gracza Melvin_Frohike
[15/01/2019 17:52:16] Admin Melvin_Frohike dal (/unfrakcja) dla gracza Melvin_Frohike
[15/01/2019 17:52:22] Admin Melvin_Frohike mianowal liderem frakcji Hitman Agency gracza Melvin_Frohike
[15/01/2019 17:52:25] Admin Melvin_Frohike dal (/unfrakcja) dla gracza Melvin_Frohike
[15/01/2019 17:52:28] Admin Melvin_Frohike mianowal liderem frakcji Grove Street gracza Melvin_Frohike
[15/01/2019 18:41:38] Admin Melvin_Frohike dal (/unfrakcja) dla gracza Melvin_Frohike
[15/01/2019 18:41:40] Admin Melvin_Frohike mianowal liderem frakcji LSPD gracza Melvin_Frohike
[15/01/2019 18:41:41] Admin Melvin_Frohike dal (/unfrakcja) dla gracza Melvin_Frohike
[15/01/2019 18:41:42] Admin Melvin_Frohike mianowal liderem frakcji LSPD gracza Melvin_Frohike
[19/01/2019 01:46:35] Admin AdminMelvin_Frohike dal (/unfrakcja) dla gracza AdminMelvin_Frohike
[19/01/2019 01:49:50] Admin AdminMelvin_Frohike mianowal liderem frakcji LSPD gracza AdminMelvin_Frohike
[19/01/2019 01:55:00] Admin AdminMelvin_Frohike dal (/unfrakcja) dla gracza AdminMelvin_Frohike
[19/01/2019 01:55:11] Admin AdminMelvin_Frohike mianowal liderem frakcji LSPD gracza AdminMelvin_Frohike
[19/01/2019 21:34:08] Admin Melvin_Frohike dal (/unfrakcja) dla gracza Melvin_Frohike
[19/01/2019 21:34:52] Admin Melvin_Frohike mianowal liderem frakcji LSPD gracza Melvin_Frohike
[19/01/2019 21:36:39] Admin Melvin_Frohike dal (/unfrakcja) dla gracza Melvin_Frohike
[19/01/2019 21:36:53] Admin Melvin_Frohike mianowal liderem frakcji LSPD gracza Melvin_Frohike
[20/01/2019 21:23:24] Admin Melvin_Frohike mianowal liderem frakcji LSPD gracza Melvin_Frohike
[01/02/2019 00:06:26] Admin Melvin_Frohike dal (/unfrakcja) dla gracza Melvin_Frohike
[05/02/2019 20:30:58] Admin Melvin_Frohike dal (/unfrakcja) dla gracza Melvin_Frohike
[05/02/2019 20:31:27] Admin Melvin_Frohike mianowal liderem frakcji LSPD gracza Melvin_Frohike
[05/02/2019 20:32:23] Admin Melvin_Frohike dal (/unfrakcja) dla gracza Melvin_Frohike
[05/02/2019 20:35:06] Admin Melvin_Frohike mianowal liderem frakcji LSPD gracza Melvin_Frohike
[05/02/2019 21:15:13] Admin Melvin_Frohike dal (/unfrakcja) dla gracza Melvin_Frohike
[05/02/2019 23:01:09] Admin Melvin_Frohike dal (/unfrakcja) dla gracza Melvin_Frohike
[05/02/2019 23:01:10] Admin Melvin_Frohike mianowal liderem frakcji LSPD gracza Melvin_Frohike
[06/02/2019 01:28:36] Admin Melvin_Frohike dal (/unfrakcja) dla gracza Melvin_Frohike
[06/02/2019 01:28:37] Admin Melvin_Frohike mianowal liderem frakcji Natonial Guard gracza Melvin_Frohike
[06/02/2019 02:27:05] Admin Melvin_Frohike dal (/unfrakcja) dla gracza Melvin_Frohike
[06/02/2019 02:29:04] Admin Melvin_Frohike mianowal liderem frakcji News Reporter gracza Melvin_Frohike
[07/02/2019 18:19:18] Admin Melvin_Frohike dal (/unfrakcja) dla gracza Melvin_Frohike
[07/02/2019 18:19:26] Admin Melvin_Frohike mianowal liderem frakcji Natonial Guard gracza Melvin_Frohike
[07/02/2019 20:56:29] Admin Melvin_Frohike dal (/unfrakcja) dla gracza Melvin_Frohike
[07/02/2019 20:56:31] Admin Melvin_Frohike mianowal liderem frakcji LSPD gracza Melvin_Frohike
